[16:35:38][INFO][Royal_Prof_TimeStack:65]: Take:1229ms 
[16:35:38][INFO][Royal_Data_MySQL:494]: SQL_QUERY {"sql":"show tables like 'db_server'","values":null,"ip":null}
[16:35:38][INFO][Royal_Prof_TimeStack:65]: Take:97ms 
[16:36:00][INFO][Royal_Prof_TimeStack:65]: Take:76ms 
[16:36:00][INFO][Royal_Data_MySQL:494]: SQL_QUERY {"sql":"show tables like 'db_server'","values":null,"ip":null}
[16:36:00][INFO][Royal_Prof_TimeStack:65]: Take:77ms 
[16:36:00][INFO][Royal_Data_MySQL:494]: SQL_QUERY {"sql":"CREATE TABLE `db_server`(\n`document_id` int  primary key auto_increment,\n`db_group` varchar(100) default ''   ,\n`db_desc` varchar(100) default ''   ,\n`db_type` varchar(20) default ''   ,\n`db_host` varchar(100) default ''   ,\n`db_username` varchar(30) default ''   ,\n`db_password` varchar(60) default ''   ,\n`db_add_auth` varchar(255) default ''   ,\n`tunnel_add_auth` varchar(255) default ''   ,\n`online_status` varchar(100) default ''   ,\n`auth_time` datetime default '0000-00-00 00:00:00'   ,\n`create_time` int default 0   ,\n`update_time` int default 0   \n) ENGINE=InnoDB DEFAULT CHARSET=utf8","values":null,"ip":null}
[16:36:02][INFO][Royal_Prof_TimeStack:65]: Take:1650ms 
[16:36:02][INFO][Royal_Data_MySQL:494]: SQL_QUERY {"sql":"show tables like 'db_server'","values":null,"ip":null}
[16:36:02][INFO][Royal_Prof_TimeStack:65]: Take:44ms 
[16:36:02][INFO][Royal_Data_MySQL:494]: SQL_QUERY {"sql":"show keys in `db_server`","values":null,"ip":null}
[16:36:02][INFO][Royal_Prof_TimeStack:65]: Take:49ms 
[16:36:58][INFO][Royal_Prof_TimeStack:65]: Take:106ms 
[16:36:59][INFO][Royal_Data_MySQL:494]: SQL_QUERY {"sql":"show tables like 'db_server'","values":null,"ip":null}
[16:36:59][INFO][Royal_Prof_TimeStack:65]: Take:46ms 
[16:36:59][INFO][Royal_Data_MySQL:494]: SQL_QUERY {"sql":"desc `db_server`","values":null,"ip":null}
[16:36:59][INFO][Royal_Prof_TimeStack:65]: Take:53ms 
[16:36:59][INFO][Royal_Data_MySQL:494]: SQL_QUERY {"sql":"ALTER TABLE `db_server` ADD COLUMN `id` int, DROP COLUMN `document_id`","values":null,"ip":null}
[16:37:00][INFO][Royal_Prof_TimeStack:65]: Take:1591ms 
[16:37:00][INFO][Royal_Data_MySQL:494]: SQL_QUERY {"sql":"show tables like 'db_server'","values":null,"ip":null}
[16:37:00][INFO][Royal_Prof_TimeStack:65]: Take:46ms 
[16:37:00][INFO][Royal_Data_MySQL:494]: SQL_QUERY {"sql":"show keys in `db_server`","values":null,"ip":null}
[16:37:00][INFO][Royal_Prof_TimeStack:65]: Take:47ms 
[16:37:17][INFO][Royal_Prof_TimeStack:65]: Take:137ms 
[16:37:17][INFO][Royal_Data_MySQL:494]: SQL_QUERY {"sql":"show tables like 'db_server'","values":null,"ip":null}
[16:37:17][INFO][Royal_Prof_TimeStack:65]: Take:49ms 
[16:37:17][INFO][Royal_Data_MySQL:494]: SQL_QUERY {"sql":"CREATE TABLE `db_server`(\n`id` int  primary key auto_increment,\n`db_group` varchar(100) default ''   ,\n`db_desc` varchar(100) default ''   ,\n`db_type` varchar(20) default ''   ,\n`db_host` varchar(100) default ''   ,\n`db_username` varchar(30) default ''   ,\n`db_password` varchar(60) default ''   ,\n`db_add_auth` varchar(255) default ''   ,\n`tunnel_add_auth` varchar(255) default ''   ,\n`online_status` varchar(100) default ''   ,\n`auth_time` datetime default '0000-00-00 00:00:00'   ,\n`create_time` int default 0   ,\n`update_time` int default 0   \n) ENGINE=InnoDB DEFAULT CHARSET=utf8","values":null,"ip":null}
[16:37:17][INFO][Royal_Prof_TimeStack:65]: Take:305ms 
[16:37:17][INFO][Royal_Data_MySQL:494]: SQL_QUERY {"sql":"show tables like 'db_server'","values":null,"ip":null}
[16:37:17][INFO][Royal_Prof_TimeStack:65]: Take:48ms 
[16:37:17][INFO][Royal_Data_MySQL:494]: SQL_QUERY {"sql":"show keys in `db_server`","values":null,"ip":null}
[16:37:17][INFO][Royal_Prof_TimeStack:65]: Take:50ms 
