[00:56:19][ALERT][Royal_Prof_TimeStack:63]: TimeStack:
|--CONNECTION:242:__construct:mysql
 
[00:56:20][ALERT][Royal_Prof_TimeStack:63]: TimeStack:
|--SQL:68:query:{"sql":"show tables like 'db_server'","values":null}
 
[00:59:13][ALERT][Royal_Prof_TimeStack:63]: TimeStack:
|--CONNECTION:1286:__construct:mysql
 
[00:59:13][ALERT][Royal_Prof_TimeStack:63]: TimeStack:
|--SQL:58:query:{"sql":"show tables like 'db_server'","values":null}
 
[00:59:23][ALERT][Royal_Prof_TimeStack:63]: TimeStack:
|--CONNECTION:102:__construct:mysql
 
[00:59:23][ALERT][Royal_Prof_TimeStack:63]: TimeStack:
|--SQL:61:query:{"sql":"show tables like 'db_server'","values":null}
 
[01:00:05][ALERT][Royal_Prof_TimeStack:63]: TimeStack:
|--CONNECTION:117:__construct:mysql
 
[01:00:05][ALERT][Royal_Prof_TimeStack:63]: TimeStack:
|--SQL:68:query:{"sql":"show tables like 'db_server'","values":null}
 
[01:00:47][ALERT][Royal_Prof_TimeStack:63]: TimeStack:
|--CONNECTION:139:__construct:mysql
 
[01:00:47][ALERT][Royal_Prof_TimeStack:63]: TimeStack:
|--SQL:63:query:{"sql":"show tables like 'db_server'","values":null}
 
[01:01:06][ALERT][Royal_Prof_TimeStack:63]: TimeStack:
|--CONNECTION:106:__construct:mysql
 
[01:01:06][ALERT][Royal_Prof_TimeStack:63]: TimeStack:
|--SQL:61:query:{"sql":"show tables like 'db_server'","values":null}
 
[01:01:23][ALERT][Royal_Prof_TimeStack:63]: TimeStack:
|--CONNECTION:94:__construct:mysql
 
[01:01:23][ALERT][Royal_Prof_TimeStack:63]: TimeStack:
|--SQL:50:query:{"sql":"show tables like 'db_server'","values":null}
 
[01:01:41][ALERT][Royal_Prof_TimeStack:63]: TimeStack:
|--CONNECTION:113:__construct:mysql
 
[01:01:41][ALERT][Royal_Prof_TimeStack:63]: TimeStack:
|--SQL:65:query:{"sql":"show tables like 'db_server'","values":null}
 
[01:02:28][ALERT][Royal_Prof_TimeStack:63]: TimeStack:
|--CONNECTION:1169:__construct:mysql
 
[01:02:28][ALERT][Royal_Prof_TimeStack:63]: TimeStack:
|--SQL:53:query:{"sql":"show tables like 'db_server'","values":null}
 
[01:03:22][ALERT][Royal_Prof_TimeStack:63]: TimeStack:
|--CONNECTION:117:__construct:mysql
 
[01:03:22][ALERT][Royal_Prof_TimeStack:63]: TimeStack:
|--SQL:67:query:{"sql":"show tables like 'db_server'","values":null}
 
[01:04:41][ALERT][Royal_Prof_TimeStack:63]: TimeStack:
|--CONNECTION:194:__construct:mysql
 
[01:04:41][ALERT][Royal_Prof_TimeStack:63]: TimeStack:
|--SQL:60:query:{"sql":"show tables like 'db_server'","values":null}
 
[01:04:47][ALERT][Royal_Prof_TimeStack:63]: TimeStack:
|--CONNECTION:105:__construct:mysql
 
[01:04:47][ALERT][Royal_Prof_TimeStack:63]: TimeStack:
|--SQL:60:query:{"sql":"show tables like 'db_server'","values":null}
 
[01:06:08][ALERT][Royal_Prof_TimeStack:63]: TimeStack:
|--CONNECTION:170:__construct:mysql
 
[01:06:08][ALERT][Royal_Prof_TimeStack:63]: TimeStack:
|--SQL:48:query:{"sql":"show tables like 'db_server'","values":null}
 
[01:06:31][ALERT][Royal_Prof_TimeStack:63]: TimeStack:
|--CONNECTION:89:__construct:mysql
 
[01:06:31][ALERT][Royal_Prof_TimeStack:63]: TimeStack:
|--SQL:46:query:{"sql":"show tables like 'db_server'","values":null}
 
[01:06:53][ALERT][Royal_Prof_TimeStack:63]: TimeStack:
|--CONNECTION:110:__construct:mysql
 
[01:06:53][ALERT][Royal_Prof_TimeStack:63]: TimeStack:
|--SQL:62:query:{"sql":"show tables like 'db_server'","values":null}
 
[01:48:49][ALERT][Royal_Prof_TimeStack:63]: TimeStack:
|--CONNECTION:1445:__construct:mysql
 
[01:48:49][ALERT][Royal_Prof_TimeStack:63]: TimeStack:
|--SQL:58:query:{"sql":"show tables like 'db_server'","values":null}
 
[01:49:18][ALERT][Royal_Prof_TimeStack:63]: TimeStack:
|--CONNECTION:106:__construct:mysql
 
[01:49:18][ALERT][Royal_Prof_TimeStack:63]: TimeStack:
|--SQL:61:query:{"sql":"show tables like 'db_server'","values":null}
 
[01:51:19][ALERT][Royal_Prof_TimeStack:63]: TimeStack:
|--CONNECTION:1424:__construct:mysql
 
[01:51:19][ALERT][Royal_Prof_TimeStack:63]: TimeStack:
|--SQL:60:query:{"sql":"show tables like 'db_server'","values":null}
 
[01:51:47][ALERT][Royal_Prof_TimeStack:63]: TimeStack:
|--CONNECTION:109:__construct:mysql
 
[01:51:47][ALERT][Royal_Prof_TimeStack:63]: TimeStack:
|--SQL:62:query:{"sql":"show tables like 'db_server'","values":null}
 
[01:52:57][ALERT][Royal_Prof_TimeStack:63]: TimeStack:
|--CONNECTION:186:__construct:mysql
 
[01:52:57][ALERT][Royal_Prof_TimeStack:63]: TimeStack:
|--SQL:58:query:{"sql":"show tables like 'db_server'","values":null}
 
[01:53:27][ALERT][Royal_Prof_TimeStack:63]: TimeStack:
|--CONNECTION:79:__construct:mysql
 
[01:53:27][ALERT][Royal_Prof_TimeStack:63]: TimeStack:
|--SQL:51:query:{"sql":"show tables like 'db_server'","values":null}
 
[01:53:51][ALERT][Royal_Prof_TimeStack:63]: TimeStack:
|--CONNECTION:82:__construct:mysql
 
[01:53:51][ALERT][Royal_Prof_TimeStack:63]: TimeStack:
|--SQL:46:query:{"sql":"show tables like 'db_server'","values":null}
 
[01:54:20][ALERT][Royal_Prof_TimeStack:63]: TimeStack:
|--CONNECTION:115:__construct:mysql
 
[01:54:20][ALERT][Royal_Prof_TimeStack:63]: TimeStack:
|--SQL:63:query:{"sql":"show tables like 'db_server'","values":null}
 
[01:54:33][ALERT][Royal_Prof_TimeStack:63]: TimeStack:
|--CONNECTION:83:__construct:mysql
 
[01:54:33][ALERT][Royal_Prof_TimeStack:63]: TimeStack:
|--SQL:46:query:{"sql":"show tables like 'db_server'","values":null}
 
[01:54:54][ALERT][Royal_Prof_TimeStack:63]: TimeStack:
|--CONNECTION:104:__construct:mysql
 
[01:54:54][ALERT][Royal_Prof_TimeStack:63]: TimeStack:
|--SQL:58:query:{"sql":"show tables like 'db_server'","values":null}
 
[01:55:02][ALERT][Royal_Prof_TimeStack:63]: TimeStack:
|--CONNECTION:81:__construct:mysql
 
[01:55:02][ALERT][Royal_Prof_TimeStack:63]: TimeStack:
|--SQL:48:query:{"sql":"show tables like 'db_server'","values":null}
 
[01:55:03][ALERT][Royal_Prof_TimeStack:63]: TimeStack:
|--SQL:856:query:{"sql":"CREATE TABLE `db_server`(\n`document_id` int  primary key auto_increment,\n`db_group` varchar(100) default ''   ,\n`db_desc` varchar(100) default ''   ,\n`db_type` varchar(20) default ''   ,\n`db_host` varchar(100) default ''   ,\n`db_username` varchar(30) default ''   ,\n`db_password` varchar(60) default ''   ,\n`db_add_auth` varchar(255) default ''   ,\n`tunnel_add_auth` varchar(255) default ''   ,\n`online_status` varchar(100) default ''   ,\n`auth_time` datetime default 0   ,\n`create_time` int default 0   ,\n`update_time` int default 0   \n) ENGINE=InnoDB DEFAULT CHARSET=utf8","values":null}
 
[02:24:51][ALERT][Royal_Prof_TimeStack:63]: TimeStack:
|--CONNECTION:1458:__construct:mysql
 
[02:24:51][ALERT][Royal_Prof_TimeStack:63]: TimeStack:
|--SQL:57:query:{"sql":"show tables like 'db_server'","values":null}
 
[02:24:52][ALERT][Royal_Prof_TimeStack:63]: TimeStack:
|--SQL:66:query:{"sql":"desc `db_server`","values":null}
 
[02:25:41][ALERT][Royal_Prof_TimeStack:63]: TimeStack:
|--CONNECTION:102:__construct:mysql
 
[02:25:41][ALERT][Royal_Prof_TimeStack:63]: TimeStack:
|--SQL:59:query:{"sql":"show tables like 'db_server'","values":null}
 
[02:25:42][ALERT][Royal_Prof_TimeStack:63]: TimeStack:
|--SQL:605:query:{"sql":"CREATE TABLE `db_server`(\n`document_id` int  primary key auto_increment,\n`db_group` varchar(100) default ''   ,\n`db_desc` varchar(100) default ''   ,\n`db_type` varchar(20) default ''   ,\n`db_host` varchar(100) default ''   ,\n`db_username` varchar(30) default ''   ,\n`db_password` varchar(60) default ''   ,\n`db_add_auth` varchar(255) default ''   ,\n`tunnel_add_auth` varchar(255) default ''   ,\n`online_status` varchar(100) default ''   ,\n`auth_time` datetime default 0   ,\n`create_time` int default 0   ,\n`update_time` int default 0   \n) ENGINE=InnoDB DEFAULT CHARSET=utf8","values":null}
 
[02:28:33][ALERT][Royal_Prof_TimeStack:63]: TimeStack:
|--CONNECTION:979:__construct:mysql
 
[02:28:33][ALERT][Royal_Prof_TimeStack:63]: TimeStack:
|--SQL:61:query:{"sql":"show tables like 'db_server'","values":null}
 
[02:28:33][ALERT][Royal_Prof_TimeStack:63]: TimeStack:
|--SQL:68:query:{"sql":"desc `db_server`","values":null}
 
[02:31:27][ALERT][Royal_Prof_TimeStack:63]: TimeStack:
|--CONNECTION:202:__construct:mysql
 
[02:31:27][ALERT][Royal_Prof_TimeStack:63]: TimeStack:
|--SQL:47:query:{"sql":"show tables like 'db_server'","values":null}
 
[02:31:27][ALERT][Royal_Prof_TimeStack:63]: TimeStack:
|--SQL:53:query:{"sql":"desc `db_server`","values":null}
 
[02:32:19][ALERT][Royal_Prof_TimeStack:63]: TimeStack:
|--CONNECTION:104:__construct:mysql
 
[02:32:19][ALERT][Royal_Prof_TimeStack:63]: TimeStack:
|--SQL:59:query:{"sql":"show tables like 'db_server'","values":null}
 
[02:32:20][ALERT][Royal_Prof_TimeStack:63]: TimeStack:
|--SQL:602:query:{"sql":"CREATE TABLE `db_server`(\n`document_id` int  primary key auto_increment,\n`db_group` varchar(100) default ''   ,\n`db_desc` varchar(100) default ''   ,\n`db_type` varchar(20) default ''   ,\n`db_host` varchar(100) default ''   ,\n`db_username` varchar(30) default ''   ,\n`db_password` varchar(60) default ''   ,\n`db_add_auth` varchar(255) default ''   ,\n`tunnel_add_auth` varchar(255) default ''   ,\n`online_status` varchar(100) default ''   ,\n`auth_time` datetime default 0   ,\n`create_time` int default 0   ,\n`update_time` int default 0   \n) ENGINE=InnoDB DEFAULT CHARSET=utf8","values":null}
 
[02:32:47][ALERT][Royal_Prof_TimeStack:63]: TimeStack:
|--CONNECTION:110:__construct:mysql
 
[02:32:48][ALERT][Royal_Prof_TimeStack:63]: TimeStack:
|--SQL:61:query:{"sql":"show tables like 'db_server'","values":null}
 
[02:32:48][ALERT][Royal_Prof_TimeStack:63]: TimeStack:
|--SQL:63:query:{"sql":"desc `db_server`","values":null}
 
[02:33:09][ALERT][Royal_Prof_TimeStack:63]: TimeStack:
|--CONNECTION:101:__construct:mysql
 
[02:33:09][ALERT][Royal_Prof_TimeStack:63]: TimeStack:
|--SQL:59:query:{"sql":"show tables like 'db_server'","values":null}
 
[02:33:09][ALERT][Royal_Prof_TimeStack:63]: TimeStack:
|--SQL:62:query:{"sql":"desc `db_server`","values":null}
 
[02:36:41][ALERT][Royal_Prof_TimeStack:63]: TimeStack:
|--CONNECTION:978:__construct:mysql
 
[02:36:49][ALERT][Royal_Prof_TimeStack:63]: TimeStack:
|--CONNECTION:79:__construct:mysql
 
[02:37:00][ALERT][Royal_Prof_TimeStack:63]: TimeStack:
|--CONNECTION:102:__construct:mysql
 
[02:40:04][ALERT][Royal_Prof_TimeStack:63]: TimeStack:
|--CONNECTION:254:__construct:mysql
 
[02:40:04][ALERT][Royal_Prof_TimeStack:63]: TimeStack:
|--SQL:65:query:{"sql":"show tables like 'db_server'","values":null}
 
[02:40:05][ALERT][Royal_Prof_TimeStack:63]: TimeStack:
|--SQL:70:query:{"sql":"desc `db_server`","values":null}
 
[02:40:20][ALERT][Royal_Prof_TimeStack:63]: TimeStack:
|--CONNECTION:107:__construct:mysql
 
[02:40:20][ALERT][Royal_Prof_TimeStack:63]: TimeStack:
|--SQL:59:query:{"sql":"show tables like 'db_server'","values":null}
 
[02:40:20][ALERT][Royal_Prof_TimeStack:63]: TimeStack:
|--SQL:62:query:{"sql":"desc `db_server`","values":null}
 
[02:40:33][ALERT][Royal_Prof_TimeStack:63]: TimeStack:
|--CONNECTION:79:__construct:mysql
 
[02:40:33][ALERT][Royal_Prof_TimeStack:63]: TimeStack:
|--SQL:48:query:{"sql":"show tables like 'db_server'","values":null}
 
[02:40:34][ALERT][Royal_Prof_TimeStack:63]: TimeStack:
|--SQL:53:query:{"sql":"desc `db_server`","values":null}
 
[02:41:23][ALERT][Royal_Prof_TimeStack:63]: TimeStack:
|--CONNECTION:887:__construct:mysql
 
[02:41:24][ALERT][Royal_Prof_TimeStack:63]: TimeStack:
|--SQL:59:query:{"sql":"show tables like 'db_server'","values":null}
 
[02:41:24][ALERT][Royal_Prof_TimeStack:63]: TimeStack:
|--SQL:597:query:{"sql":"CREATE TABLE `db_server`(\n`document_id` int  primary key auto_increment,\n`db_group` varchar(100) default ''   ,\n`db_desc` varchar(100) default ''   ,\n`db_type` varchar(20) default ''   ,\n`db_host` varchar(100) default ''   ,\n`db_username` varchar(30) default ''   ,\n`db_password` varchar(60) default ''   ,\n`db_add_auth` varchar(255) default ''   ,\n`tunnel_add_auth` varchar(255) default ''   ,\n`online_status` varchar(100) default ''   ,\n`auth_time` datetime default 0   ,\n`create_time` int default 0   ,\n`update_time` int default 0   \n) ENGINE=InnoDB DEFAULT CHARSET=utf8","values":null}
 
[02:41:59][ALERT][Royal_Prof_TimeStack:63]: TimeStack:
|--CONNECTION:107:__construct:mysql
 
[02:41:59][ALERT][Royal_Prof_TimeStack:63]: TimeStack:
|--SQL:61:query:{"sql":"show tables like 'db_server'","values":null}
 
[02:41:59][ALERT][Royal_Prof_TimeStack:63]: TimeStack:
|--SQL:64:query:{"sql":"desc `db_server`","values":null}
 
[02:42:14][ALERT][Royal_Prof_TimeStack:63]: TimeStack:
|--CONNECTION:103:__construct:mysql
 
[02:42:14][ALERT][Royal_Prof_TimeStack:63]: TimeStack:
|--SQL:59:query:{"sql":"show tables like 'db_server'","values":null}
 
[02:42:14][ALERT][Royal_Prof_TimeStack:63]: TimeStack:
|--SQL:64:query:{"sql":"desc `db_server`","values":null}
 
[02:42:32][ALERT][Royal_Prof_TimeStack:63]: TimeStack:
|--CONNECTION:1191:__construct:mysql
 
[02:42:32][ALERT][Royal_Prof_TimeStack:63]: TimeStack:
|--SQL:49:query:{"sql":"show tables like 'db_server'","values":null}
 
[02:42:33][ALERT][Royal_Prof_TimeStack:63]: TimeStack:
|--SQL:708:query:{"sql":"CREATE TABLE `db_server`(\n`document_id` int  primary key auto_increment,\n`db_group` varchar(100) default ''   ,\n`db_desc` varchar(100) default ''   ,\n`db_type` varchar(20) default ''   ,\n`db_host` varchar(100) default ''   ,\n`db_username` varchar(30) default ''   ,\n`db_password` varchar(60) default ''   ,\n`db_add_auth` varchar(255) default ''   ,\n`tunnel_add_auth` varchar(255) default ''   ,\n`online_status` varchar(100) default ''   ,\n`auth_time` datetime default 0   ,\n`create_time` int default 0   ,\n`update_time` int default 0   \n) ENGINE=InnoDB DEFAULT CHARSET=utf8","values":null}
 
[02:43:09][ALERT][Royal_Prof_TimeStack:63]: TimeStack:
|--CONNECTION:111:__construct:mysql
 
[02:43:09][ALERT][Royal_Prof_TimeStack:63]: TimeStack:
|--SQL:63:query:{"sql":"show tables like 'db_server'","values":null}
 
[02:43:09][ALERT][Royal_Prof_TimeStack:63]: TimeStack:
|--SQL:66:query:{"sql":"desc `db_server`","values":null}
 
[02:43:19][ALERT][Royal_Prof_TimeStack:63]: TimeStack:
|--CONNECTION:111:__construct:mysql
 
[02:43:19][ALERT][Royal_Prof_TimeStack:63]: TimeStack:
|--SQL:65:query:{"sql":"show tables like 'db_server'","values":null}
 
[02:43:20][ALERT][Royal_Prof_TimeStack:63]: TimeStack:
|--SQL:347:query:{"sql":"CREATE TABLE `db_server`(\n`document_id` int  primary key auto_increment,\n`db_group` varchar(100) default ''   ,\n`db_desc` varchar(100) default ''   ,\n`db_type` varchar(20) default ''   ,\n`db_host` varchar(100) default ''   ,\n`db_username` varchar(30) default ''   ,\n`db_password` varchar(60) default ''   ,\n`db_add_auth` varchar(255) default ''   ,\n`tunnel_add_auth` varchar(255) default ''   ,\n`online_status` varchar(100) default ''   ,\n`auth_time` datetime default 0   ,\n`create_time` int default 0   ,\n`update_time` int default 0   \n) ENGINE=InnoDB DEFAULT CHARSET=utf8","values":null}
 
[02:43:56][ALERT][Royal_Prof_TimeStack:63]: TimeStack:
|--CONNECTION:1182:__construct:mysql
 
[02:43:57][ALERT][Royal_Prof_TimeStack:63]: TimeStack:
|--SQL:58:query:{"sql":"show tables like 'db_server'","values":null}
 
[02:43:57][ALERT][Royal_Prof_TimeStack:63]: TimeStack:
|--SQL:365:query:{"sql":"CREATE TABLE `db_server`(\n`document_id` int  primary key auto_increment,\n`db_group` varchar(100) default ''   ,\n`db_desc` varchar(100) default ''   ,\n`db_type` varchar(20) default ''   ,\n`db_host` varchar(100) default ''   ,\n`db_username` varchar(30) default ''   ,\n`db_password` varchar(60) default ''   ,\n`db_add_auth` varchar(255) default ''   ,\n`tunnel_add_auth` varchar(255) default ''   ,\n`online_status` varchar(100) default ''   ,\n`auth_time` datetime default 0   ,\n`create_time` int default 0   ,\n`update_time` int default 0   \n) ENGINE=InnoDB DEFAULT CHARSET=utf8","values":null}
 
[02:46:46][ALERT][Royal_Prof_TimeStack:63]: TimeStack:
|--CONNECTION:2222:__construct:mysql
 
[02:46:46][ALERT][Royal_Prof_TimeStack:63]: TimeStack:
|--SQL:60:query:{"sql":"show tables like 'db_server'","values":null}
 
[02:48:01][ALERT][Royal_Prof_TimeStack:63]: TimeStack:
|--CONNECTION:972:__construct:mysql
 
[02:48:01][ALERT][Royal_Prof_TimeStack:63]: TimeStack:
|--SQL:58:query:{"sql":"show tables like 'db_server'","values":null}
 
[02:48:46][ALERT][Royal_Prof_TimeStack:63]: TimeStack:
|--CONNECTION:105:__construct:mysql
 
[02:48:46][ALERT][Royal_Prof_TimeStack:63]: TimeStack:
|--SQL:58:query:{"sql":"show tables like 'db_server'","values":null}
 
[02:49:42][ALERT][Royal_Prof_TimeStack:63]: TimeStack:
|--CONNECTION:116:__construct:mysql
 
[02:49:42][ALERT][Royal_Prof_TimeStack:63]: TimeStack:
|--SQL:64:query:{"sql":"show tables like 'db_server'","values":null}
 
[02:50:48][ALERT][Royal_Prof_TimeStack:63]: TimeStack:
|--CONNECTION:215:__construct:mysql
 
[02:50:49][ALERT][Royal_Prof_TimeStack:63]: TimeStack:
|--SQL:65:query:{"sql":"show tables like 'db_server'","values":null}
 
[02:52:39][ALERT][Royal_Prof_TimeStack:63]: TimeStack:
|--CONNECTION:86:__construct:mysql
 
[02:52:39][ALERT][Royal_Prof_TimeStack:63]: TimeStack:
|--SQL:51:query:{"sql":"show tables like 'db_server'","values":null}
 
[02:52:39][ALERT][Royal_Prof_TimeStack:63]: TimeStack:
|--SQL:353:query:{"sql":"CREATE TABLE `db_server`(\n`document_id` int  primary key auto_increment,\n`db_group` varchar(100) default ''   ,\n`db_desc` varchar(100) default ''   ,\n`db_type` varchar(20) default ''   ,\n`db_host` varchar(100) default ''   ,\n`db_username` varchar(30) default ''   ,\n`db_password` varchar(60) default ''   ,\n`db_add_auth` varchar(255) default ''   ,\n`tunnel_add_auth` varchar(255) default ''   ,\n`online_status` varchar(100) default ''   ,\n`auth_time` datetime default '16-10-19 02:52:39'   ,\n`create_time` int default 0   ,\n`update_time` int default 0   \n) ENGINE=InnoDB DEFAULT CHARSET=utf8","values":null}
 
[02:54:07][ALERT][Royal_Prof_TimeStack:63]: TimeStack:
|--CONNECTION:223:__construct:mysql
 
[02:54:07][ALERT][Royal_Prof_TimeStack:63]: TimeStack:
|--SQL:66:query:{"sql":"show tables like 'db_server'","values":null}
 
[02:54:07][ALERT][Royal_Prof_TimeStack:63]: TimeStack:
|--SQL:65:query:{"sql":"desc `db_server`","values":null}
 
[02:54:34][ALERT][Royal_Prof_TimeStack:63]: TimeStack:
|--CONNECTION:110:__construct:mysql
 
[02:54:34][ALERT][Royal_Prof_TimeStack:63]: TimeStack:
|--SQL:62:query:{"sql":"show tables like 'db_server'","values":null}
 
[02:54:35][ALERT][Royal_Prof_TimeStack:63]: TimeStack:
|--SQL:870:query:{"sql":"CREATE TABLE `db_server`(\n`document_id` int  primary key auto_increment,\n`db_group` varchar(100) default ''   ,\n`db_desc` varchar(100) default ''   ,\n`db_type` varchar(20) default ''   ,\n`db_host` varchar(100) default ''   ,\n`db_username` varchar(30) default ''   ,\n`db_password` varchar(60) default ''   ,\n`db_add_auth` varchar(255) default ''   ,\n`tunnel_add_auth` varchar(255) default ''   ,\n`online_status` varchar(100) default ''   ,\n`auth_time` datetime default '0000-00-00 00:00:00'   ,\n`create_time` int default 0   ,\n`update_time` int default 0   \n) ENGINE=InnoDB DEFAULT CHARSET=utf8","values":null}
 
[13:36:44][ALERT][Royal_Prof_TimeStack:63]: TimeStack:
|--CONNECTION:1375:__construct:mysql
 
[13:36:44][ALERT][Royal_Prof_TimeStack:63]: TimeStack:
|--SQL:68:query:{"sql":"show tables like 'db_server'","values":null}
 
[13:36:44][ALERT][Royal_Prof_TimeStack:63]: TimeStack:
|--SQL:71:query:{"sql":"desc `db_server`","values":null}
 
[13:36:59][ALERT][Royal_Prof_TimeStack:63]: TimeStack:
|--CONNECTION:87:__construct:mysql
 
[13:36:59][ALERT][Royal_Prof_TimeStack:63]: TimeStack:
|--SQL:48:query:{"sql":"show tables like 'db_server'","values":null}
 
[13:36:59][ALERT][Royal_Prof_TimeStack:63]: TimeStack:
|--SQL:57:query:{"sql":"desc `db_server`","values":null}
 
[13:55:00][ALERT][Royal_Prof_TimeStack:63]: TimeStack:
|--CONNECTION:1293:__construct:mysql
 
[13:55:51][ALERT][Royal_Prof_TimeStack:63]: TimeStack:
|--CONNECTION:110:__construct:mysql
 
[14:05:31][ALERT][Royal_Prof_TimeStack:63]: TimeStack:
|--CONNECTION:1424:__construct:mysql
 
[14:05:48][ALERT][Royal_Prof_TimeStack:63]: TimeStack:
|--CONNECTION:108:__construct:mysql
 
[14:06:40][ALERT][Royal_Prof_TimeStack:63]: TimeStack:
|--CONNECTION:150:__construct:mysql
 
[14:07:35][ALERT][Royal_Prof_TimeStack:63]: TimeStack:
|--CONNECTION:96:__construct:mysql
 
[14:07:48][ALERT][Royal_Prof_TimeStack:63]: TimeStack:
|--CONNECTION:1194:__construct:mysql
 
[14:09:03][ALERT][Royal_Prof_TimeStack:63]: TimeStack:
|--CONNECTION:112:__construct:mysql
 
[14:10:28][ALERT][Royal_Prof_TimeStack:63]: TimeStack:
|--CONNECTION:111:__construct:mysql
 
[14:10:46][ALERT][Royal_Prof_TimeStack:63]: TimeStack:
|--CONNECTION:88:__construct:mysql
 
[14:11:03][ALERT][Royal_Prof_TimeStack:63]: TimeStack:
|--CONNECTION:106:__construct:mysql
 
[14:11:50][ALERT][Royal_Prof_TimeStack:63]: TimeStack:
|--CONNECTION:110:__construct:mysql
 
[14:12:31][ALERT][Royal_Prof_TimeStack:63]: TimeStack:
|--CONNECTION:108:__construct:mysql
 
[14:12:31][ALERT][Royal_Prof_TimeStack:63]: TimeStack:
|--SQL:60:query:{"sql":"show tables like 'db_server'","values":null}
 
